<?xml version="1.0" encoding="UTF-8"?>
<testsuite name="Test"
           tests="3"
           failures="1"
           errors="0"
           skipped="2"
           time="0.000">
  <properties />
            <testcase name="setUp" time="0.000" classname="iosTest.PushPaperTest">
                <failure type="org.openqa.selenium.WebDriverException"
                  message="An unknown server-side error occurred while processing the command. Original error: The &apos;noReset&apos; and &apos;fullReset&apos; capabilities are mutually exclusive and should not both be set to true. You probably meant to just use &apos;fullReset&apos; on its own (WARNING: The server did not provide any stacktrace information)
Command duration or timeout: 32 milliseconds
Build info: version: &apos;3.4.0&apos;, revision: &apos;unknown&apos;, time: &apos;unknown&apos;
System info: host: &apos;MengfeifeideMac-Mini.local&apos;, ip: &apos;10.20.30.108&apos;, os.name: &apos;Mac OS X&apos;, os.arch: &apos;x86_64&apos;, os.version: &apos;10.12.3&apos;, java.version: &apos;1.8.0_121&apos;
Driver info: driver.version: IOSDriver"
              >
<![CDATA[org.openqa.selenium.WebDriverException: An unknown server-side error occurred while processing the command. Original error: The 'noReset' and 'fullReset' capabilities are mutually exclusive and should not both be set to true. You probably meant to just use 'fullReset' on its own (WARNING: The server did not provide any stacktrace information)
Command duration or timeout: 32 milliseconds
Build info: version: '3.4.0', revision: 'unknown', time: 'unknown'
System info: host: 'MengfeifeideMac-Mini.local', ip: '10.20.30.108', os.name: 'Mac OS X', os.arch: 'x86_64', os.version: '10.12.3', java.version: '1.8.0_121'
Driver info: driver.version: IOSDriver
  sun.reflect.NativeConstructorAccessorImpl.newInstance0(Native Method)
  sun.reflect.NativeConstructorAccessorImpl.newInstance(NativeConstructorAccessorImpl.java:62)
  sun.reflect.DelegatingConstructorAccessorImpl.newInstance(DelegatingConstructorAccessorImpl.java:45)
  java.lang.reflect.Constructor.newInstance(Constructor.java:423)
  org.openqa.selenium.remote.ErrorHandler.createThrowable(ErrorHandler.java:215)
  org.openqa.selenium.remote.ErrorHandler.throwIfResponseFailed(ErrorHandler.java:167)
  org.openqa.selenium.remote.JsonWireProtocolResponse.lambda$new$0(JsonWireProtocolResponse.java:53)
  org.openqa.selenium.remote.JsonWireProtocolResponse.lambda$getResponseFunction$2(JsonWireProtocolResponse.java:91)
  org.openqa.selenium.remote.ProtocolHandshake.lambda$createSession$22(ProtocolHandshake.java:365)
  java.util.stream.ReferencePipeline$3$1.accept(ReferencePipeline.java:193)
  java.util.Spliterators$ArraySpliterator.tryAdvance(Spliterators.java:958)
  java.util.stream.ReferencePipeline.forEachWithCancel(ReferencePipeline.java:126)
  java.util.stream.AbstractPipeline.copyIntoWithCancel(AbstractPipeline.java:498)
  java.util.stream.AbstractPipeline.copyInto(AbstractPipeline.java:485)
  java.util.stream.AbstractPipeline.wrapAndCopyInto(AbstractPipeline.java:471)
  java.util.stream.FindOps$FindOp.evaluateSequential(FindOps.java:152)
  java.util.stream.AbstractPipeline.evaluate(AbstractPipeline.java:234)
  java.util.stream.ReferencePipeline.findFirst(ReferencePipeline.java:464)
  org.openqa.selenium.remote.ProtocolHandshake.createSession(ProtocolHandshake.java:368)
  org.openqa.selenium.remote.ProtocolHandshake.createSession(ProtocolHandshake.java:159)
  org.openqa.selenium.remote.HttpCommandExecutor.execute(HttpCommandExecutor.java:142)
  io.appium.java_client.remote.AppiumCommandExecutor.execute(AppiumCommandExecutor.java:69)
  org.openqa.selenium.remote.RemoteWebDriver.execute(RemoteWebDriver.java:637)
  io.appium.java_client.DefaultGenericMobileDriver.execute(DefaultGenericMobileDriver.java:51)
  io.appium.java_client.AppiumDriver.execute(AppiumDriver.java:1)
  io.appium.java_client.ios.IOSDriver.execute(IOSDriver.java:1)
  org.openqa.selenium.remote.RemoteWebDriver.startSession(RemoteWebDriver.java:250)
  org.openqa.selenium.remote.RemoteWebDriver.startSession(RemoteWebDriver.java:236)
  org.openqa.selenium.remote.RemoteWebDriver.<init>(RemoteWebDriver.java:137)
  io.appium.java_client.DefaultGenericMobileDriver.<init>(DefaultGenericMobileDriver.java:47)
  io.appium.java_client.AppiumDriver.<init>(AppiumDriver.java:114)
  io.appium.java_client.AppiumDriver.<init>(AppiumDriver.java:132)
  io.appium.java_client.ios.IOSDriver.<init>(IOSDriver.java:81)
  iosTest.PushPaperTest.setUp(PushPaperTest.java:33)
  sun.reflect.NativeMethodAccessorImpl.invoke0(Native Method)
  sun.reflect.NativeMethodAccessorImpl.invoke(NativeMethodAccessorImpl.java:62)
  sun.reflect.DelegatingMethodAccessorImpl.invoke(DelegatingMethodAccessorImpl.java:43)
  java.lang.reflect.Method.invoke(Method.java:498)
  org.testng.internal.MethodInvocationHelper.invokeMethod(MethodInvocationHelper.java:85)
  org.testng.internal.Invoker.invokeConfigurationMethod(Invoker.java:510)
  org.testng.internal.Invoker.invokeConfigurations(Invoker.java:211)
  org.testng.internal.Invoker.invokeMethod(Invoker.java:585)
  org.testng.internal.Invoker.invokeTestMethod(Invoker.java:816)
  org.testng.internal.Invoker.invokeTestMethods(Invoker.java:1124)
  org.testng.internal.TestMethodWorker.invokeTestMethods(TestMethodWorker.java:125)
  org.testng.internal.TestMethodWorker.run(TestMethodWorker.java:108)
  org.testng.TestRunner.privateRun(TestRunner.java:774)
  org.testng.TestRunner.run(TestRunner.java:624)
  org.testng.SuiteRunner.runTest(SuiteRunner.java:359)
  org.testng.SuiteRunner.runSequentially(SuiteRunner.java:354)
  org.testng.SuiteRunner.privateRun(SuiteRunner.java:312)
  org.testng.SuiteRunner.run(SuiteRunner.java:261)
  org.testng.SuiteRunnerWorker.runSuite(SuiteRunnerWorker.java:52)
  org.testng.SuiteRunnerWorker.run(SuiteRunnerWorker.java:86)
  org.testng.TestNG.runSuitesSequentially(TestNG.java:1215)
  org.testng.TestNG.runSuitesLocally(TestNG.java:1140)
  org.testng.TestNG.run(TestNG.java:1048)
  org.testng.IDEARemoteTestNG.run(IDEARemoteTestNG.java:72)
  org.testng.RemoteTestNGStarter.main(RemoteTestNGStarter.java:127)
  sun.reflect.NativeMethodAccessorImpl.invoke0(Native Method)
  sun.reflect.NativeMethodAccessorImpl.invoke(NativeMethodAccessorImpl.java:62)
  sun.reflect.DelegatingMethodAccessorImpl.invoke(DelegatingMethodAccessorImpl.java:43)
  java.lang.reflect.Method.invoke(Method.java:498)
  com.intellij.rt.execution.application.AppMain.main(AppMain.java:147)
]]>
      </failure>

          </testcase>
  
            <testcase name="tearDown" time="0.0" classname="iosTest.PushPaperTest">
          <skipped />
    </testcase>
            <testcase name="pushClassTest" time="0.0" classname="iosTest.PushPaperTest">
          <skipped />
    </testcase>
  
  
</testsuite>
